# JRE version: OpenJDK Runtime Environment Temurin-21.0.10+7 (21.0.10+7) (build 21.0.10+7-LTS)
# Java VM: OpenJDK 64-Bit Server VM Temurin-21.0.10+7 (21.0.10+7-LTS, mixed mode, sharing, tiered, compressed oops, compressed class ptrs, parallel gc, windows-amd64)
GC Precious Log:
 CardTable entry size: 512
 CPUs: 12 total, 12 available
 Memory: 7514M
 Large Page Support: Disabled
 NUMA Support: Disabled
 Compressed Oops: Enabled (32-bit)
 Alignments: Space 512K, Generation 512K, Heap 2M
 Heap Min Capacity: 100M
 Heap Initial Capacity: 100M
 Heap Max Capacity: 2G
 Pre-touch: Disabled
 Parallel Workers: 10
Heap:
 PSYoungGen      total 4096K, used 3868K [0x00000000d5580000, 0x00000000d5b80000, 0x0000000100000000)
  eden space 3072K, 100% used [0x00000000d5580000,0x00000000d5880000,0x00000000d5880000)
  from space 1024K, 77% used [0x00000000d5980000,0x00000000d5a47200,0x00000000d5a80000)
  to   space 1024K, 42% used [0x00000000d5880000,0x00000000d58f4010,0x00000000d5980000)
 ParOldGen       total 116224K, used 116020K [0x0000000080000000, 0x0000000087180000, 0x00000000d5580000)
  object space 116224K, 99% used [0x0000000080000000,0x00000000871533a0,0x0000000087180000)
 Metaspace       used 64810K, committed 66240K, reserved 1114112K
  class space    used 6799K, committed 7424K, reserved 1048576K
GC Heap History (20 events):
Event: 923.781 GC heap after
{Heap after GC invocations=150 (full 3):
 PSYoungGen      total 5120K, used 544K [0x00000000d5580000, 0x00000000d5b80000, 0x0000000100000000)
  eden space 4096K, 0% used [0x00000000d5580000,0x00000000d5580000,0x00000000d5980000)
  from space 1024K, 53% used [0x00000000d5980000,0x00000000d5a08040,0x00000000d5a80000)
  to   space 1024K, 0% used [0x00000000d5a80000,0x00000000d5a80000,0x00000000d5b80000)
 ParOldGen       total 97792K, used 97515K [0x0000000080000000, 0x0000000085f80000, 0x00000000d5580000)
  object space 97792K, 99% used [0x0000000080000000,0x0000000085f3ac10,0x0000000085f80000)
 Metaspace       used 64753K, committed 66176K, reserved 1114112K
  class space    used 6799K, committed 7424K, reserved 1048576K
}
Event: 923.795 GC heap before
{Heap before GC invocations=151 (full 3):
 PSYoungGen      total 5120K, used 4639K [0x00000000d5580000, 0x00000000d5b80000, 0x0000000100000000)
  eden space 4096K, 99% used [0x00000000d5580000,0x00000000d597ffa0,0x00000000d5980000)
  from space 1024K, 53% used [0x00000000d5980000,0x00000000d5a08040,0x00000000d5a80000)
  to   space 1024K, 0% used [0x00000000d5a80000,0x00000000d5a80000,0x00000000d5b80000)
 ParOldGen       total 97792K, used 97515K [0x0000000080000000, 0x0000000085f80000, 0x00000000d5580000)
  object space 97792K, 99% used [0x0000000080000000,0x0000000085f3ac10,0x0000000085f80000)
 Metaspace       used 64757K, committed 66176K, reserved 1114112K
  class space    used 6799K, committed 7424K, reserved 1048576K
}
Event: 923.801 GC heap after
{Heap after GC invocations=151 (full 3):
 PSYoungGen      total 2560K, used 1020K [0x00000000d5580000, 0x00000000d6080000, 0x0000000100000000)
  eden space 1536K, 0% used [0x00000000d5580000,0x00000000d5580000,0x00000000d5700000)
  from space 1024K, 99% used [0x00000000d5a80000,0x00000000d5b7f118,0x00000000d5b80000)
  to   space 3584K, 0% used [0x00000000d5700000,0x00000000d5700000,0x00000000d5a80000)
 ParOldGen       total 99328K, used 99247K [0x0000000080000000, 0x0000000086100000, 0x00000000d5580000)
  object space 99328K, 99% used [0x0000000080000000,0x00000000860ebd78,0x0000000086100000)
 Metaspace       used 64757K, committed 66176K, reserved 1114112K
  class space    used 6799K, committed 7424K, reserved 1048576K
}
Event: 923.809 GC heap before
{Heap before GC invocations=152 (full 3):
 PSYoungGen      total 2560K, used 2556K [0x00000000d5580000, 0x00000000d6080000, 0x0000000100000000)
  eden space 1536K, 100% used [0x00000000d5580000,0x00000000d5700000,0x00000000d5700000)
  from space 1024K, 99% used [0x00000000d5a80000,0x00000000d5b7f118,0x00000000d5b80000)
  to   space 3584K, 0% used [0x00000000d5700000,0x00000000d5700000,0x00000000d5a80000)
 ParOldGen       total 99328K, used 99247K [0x0000000080000000, 0x0000000086100000, 0x00000000d5580000)
  object space 99328K, 99% used [0x0000000080000000,0x00000000860ebd78,0x0000000086100000)
 Metaspace       used 64758K, committed 66240K, reserved 1114112K
  class space    used 6799K, committed 7424K, reserved 1048576K
}
Event: 923.814 GC heap after
{Heap after GC invocations=152 (full 3):
 PSYoungGen      total 3072K, used 1296K [0x00000000d5580000, 0x00000000d5b00000, 0x0000000100000000)
  eden space 1536K, 0% used [0x00000000d5580000,0x00000000d5580000,0x00000000d5700000)
  from space 1536K, 84% used [0x00000000d5700000,0x00000000d5844010,0x00000000d5880000)
  to   space 2048K, 0% used [0x00000000d5900000,0x00000000d5900000,0x00000000d5b00000)
 ParOldGen       total 100352K, used 100283K [0x0000000080000000, 0x0000000086200000, 0x00000000d5580000)
  object space 100352K, 99% used [0x0000000080000000,0x00000000861eeeb0,0x0000000086200000)
 Metaspace       used 64758K, committed 66240K, reserved 1114112K
  class space    used 6799K, committed 7424K, reserved 1048576K
}
Event: 923.820 GC heap before
{Heap before GC invocations=153 (full 3):
 PSYoungGen      total 3072K, used 2832K [0x00000000d5580000, 0x00000000d5b00000, 0x0000000100000000)
  eden space 1536K, 100% used [0x00000000d5580000,0x00000000d5700000,0x00000000d5700000)
  from space 1536K, 84% used [0x00000000d5700000,0x00000000d5844010,0x00000000d5880000)
  to   space 2048K, 0% used [0x00000000d5900000,0x00000000d5900000,0x00000000d5b00000)
 ParOldGen       total 100352K, used 100283K [0x0000000080000000, 0x0000000086200000, 0x00000000d5580000)
  object space 100352K, 99% used [0x0000000080000000,0x00000000861eeeb0,0x0000000086200000)
 Metaspace       used 64760K, committed 66240K, reserved 1114112K
  class space    used 6799K, committed 7424K, reserved 1048576K
}
Event: 923.825 GC heap after
{Heap after GC invocations=153 (full 3):
 PSYoungGen      total 3584K, used 864K [0x00000000d5580000, 0x00000000d5a80000, 0x0000000100000000)
  eden space 2048K, 0% used [0x00000000d5580000,0x00000000d5580000,0x00000000d5780000)
  from space 1536K, 56% used [0x00000000d5900000,0x00000000d59d8000,0x00000000d5a80000)
  to   space 1536K, 0% used [0x00000000d5780000,0x00000000d5780000,0x00000000d5900000)
 ParOldGen       total 101888K, used 101459K [0x0000000080000000, 0x0000000086380000, 0x00000000d5580000)
  object space 101888K, 99% used [0x0000000080000000,0x0000000086314ed0,0x0000000086380000)
 Metaspace       used 64760K, committed 66240K, reserved 1114112K
  class space    used 6799K, committed 7424K, reserved 1048576K
}
Event: 923.834 GC heap before
{Heap before GC invocations=154 (full 3):
 PSYoungGen      total 3584K, used 2912K [0x00000000d5580000, 0x00000000d5a80000, 0x0000000100000000)
  eden space 2048K, 100% used [0x00000000d5580000,0x00000000d5780000,0x00000000d5780000)
  from space 1536K, 56% used [0x00000000d5900000,0x00000000d59d8000,0x00000000d5a80000)
  to   space 1536K, 0% used [0x00000000d5780000,0x00000000d5780000,0x00000000d5900000)
 ParOldGen       total 101888K, used 101459K [0x0000000080000000, 0x0000000086380000, 0x00000000d5580000)
  object space 101888K, 99% used [0x0000000080000000,0x0000000086314ed0,0x0000000086380000)
 Metaspace       used 64777K, committed 66240K, reserved 1114112K
  class space    used 6799K, committed 7424K, reserved 1048576K
}
Event: 923.839 GC heap after
{Heap after GC invocations=154 (full 3):
 PSYoungGen      total 3584K, used 1376K [0x00000000d5580000, 0x00000000d5b00000, 0x0000000100000000)
  eden space 2048K, 0% used [0x00000000d5580000,0x00000000d5580000,0x00000000d5780000)
  from space 1536K, 89% used [0x00000000d5780000,0x00000000d58d8000,0x00000000d5900000)
  to   space 1536K, 0% used [0x00000000d5980000,0x00000000d5980000,0x00000000d5b00000)
 ParOldGen       total 102400K, used 102167K [0x0000000080000000, 0x0000000086400000, 0x00000000d5580000)
  object space 102400K, 99% used [0x0000000080000000,0x00000000863c5ee0,0x0000000086400000)
 Metaspace       used 64777K, committed 66240K, reserved 1114112K
  class space    used 6799K, committed 7424K, reserved 1048576K
}
Event: 923.843 GC heap before
{Heap before GC invocations=155 (full 3):
 PSYoungGen      total 3584K, used 3424K [0x00000000d5580000, 0x00000000d5b00000, 0x0000000100000000)
  eden space 2048K, 100% used [0x00000000d5580000,0x00000000d5780000,0x00000000d5780000)
  from space 1536K, 89% used [0x00000000d5780000,0x00000000d58d8000,0x00000000d5900000)
  to   space 1536K, 0% used [0x00000000d5980000,0x00000000d5980000,0x00000000d5b00000)
 ParOldGen       total 102400K, used 102167K [0x0000000080000000, 0x0000000086400000, 0x00000000d5580000)
  object space 102400K, 99% used [0x0000000080000000,0x00000000863c5ee0,0x0000000086400000)
 Metaspace       used 64780K, committed 66240K, reserved 1114112K
  class space    used 6799K, committed 7424K, reserved 1048576K
}
Event: 923.848 GC heap after
{Heap after GC invocations=155 (full 3):
 PSYoungGen      total 4096K, used 1248K [0x00000000d5580000, 0x00000000d5b00000, 0x0000000100000000)
  eden space 2560K, 0% used [0x00000000d5580000,0x00000000d5580000,0x00000000d5800000)
  from space 1536K, 81% used [0x00000000d5980000,0x00000000d5ab8000,0x00000000d5b00000)
  to   space 1536K, 0% used [0x00000000d5800000,0x00000000d5800000,0x00000000d5980000)
 ParOldGen       total 103936K, used 103425K [0x0000000080000000, 0x0000000086580000, 0x00000000d5580000)
  object space 103936K, 99% used [0x0000000080000000,0x0000000086500680,0x0000000086580000)
 Metaspace       used 64780K, committed 66240K, reserved 1114112K
  class space    used 6799K, committed 7424K, reserved 1048576K
}
Event: 923.854 GC heap before
{Heap before GC invocations=156 (full 3):
 PSYoungGen      total 4096K, used 3808K [0x00000000d5580000, 0x00000000d5b00000, 0x0000000100000000)
  eden space 2560K, 100% used [0x00000000d5580000,0x00000000d5800000,0x00000000d5800000)
  from space 1536K, 81% used [0x00000000d5980000,0x00000000d5ab8000,0x00000000d5b00000)
  to   space 1536K, 0% used [0x00000000d5800000,0x00000000d5800000,0x00000000d5980000)
 ParOldGen       total 103936K, used 103425K [0x0000000080000000, 0x0000000086580000, 0x00000000d5580000)
  object space 103936K, 99% used [0x0000000080000000,0x0000000086500680,0x0000000086580000)
 Metaspace       used 64781K, committed 66240K, reserved 1114112K
  class space    used 6799K, committed 7424K, reserved 1048576K
}
Event: 923.858 GC heap after
{Heap after GC invocations=156 (full 3):
 PSYoungGen      total 4096K, used 992K [0x00000000d5580000, 0x00000000d5b80000, 0x0000000100000000)
  eden space 2560K, 0% used [0x00000000d5580000,0x00000000d5580000,0x00000000d5800000)
  from space 1536K, 64% used [0x00000000d5800000,0x00000000d58f8000,0x00000000d5980000)
  to   space 1536K, 0% used [0x00000000d5a00000,0x00000000d5a00000,0x00000000d5b80000)
 ParOldGen       total 104960K, used 104545K [0x0000000080000000, 0x0000000086680000, 0x00000000d5580000)
  object space 104960K, 99% used [0x0000000080000000,0x0000000086618680,0x0000000086680000)
 Metaspace       used 64781K, committed 66240K, reserved 1114112K
  class space    used 6799K, committed 7424K, reserved 1048576K
}
Event: 923.864 GC heap before
{Heap before GC invocations=157 (full 3):
 PSYoungGen      total 4096K, used 3552K [0x00000000d5580000, 0x00000000d5b80000, 0x0000000100000000)
  eden space 2560K, 100% used [0x00000000d5580000,0x00000000d5800000,0x00000000d5800000)
  from space 1536K, 64% used [0x00000000d5800000,0x00000000d58f8000,0x00000000d5980000)
  to   space 1536K, 0% used [0x00000000d5a00000,0x00000000d5a00000,0x00000000d5b80000)
 ParOldGen       total 104960K, used 104545K [0x0000000080000000, 0x0000000086680000, 0x00000000d5580000)
  object space 104960K, 99% used [0x0000000080000000,0x0000000086618680,0x0000000086680000)
 Metaspace       used 64783K, committed 66240K, reserved 1114112K
  class space    used 6799K, committed 7424K, reserved 1048576K
}
Event: 923.868 GC heap after
{Heap after GC invocations=157 (full 3):
 PSYoungGen      total 4096K, used 1536K [0x00000000d5580000, 0x00000000d5c80000, 0x0000000100000000)
  eden space 2560K, 0% used [0x00000000d5580000,0x00000000d5580000,0x00000000d5800000)
  from space 1536K, 100% used [0x00000000d5a00000,0x00000000d5b80000,0x00000000d5b80000)
  to   space 2048K, 0% used [0x00000000d5800000,0x00000000d5800000,0x00000000d5a00000)
 ParOldGen       total 105472K, used 105425K [0x0000000080000000, 0x0000000086700000, 0x00000000d5580000)
  object space 105472K, 99% used [0x0000000080000000,0x00000000866f46a0,0x0000000086700000)
 Metaspace       used 64783K, committed 66240K, reserved 1114112K
  class space    used 6799K, committed 7424K, reserved 1048576K
}
Event: 923.875 GC heap before
{Heap before GC invocations=158 (full 3):
 PSYoungGen      total 4096K, used 4096K [0x00000000d5580000, 0x00000000d5c80000, 0x0000000100000000)
  eden space 2560K, 100% used [0x00000000d5580000,0x00000000d5800000,0x00000000d5800000)
  from space 1536K, 100% used [0x00000000d5a00000,0x00000000d5b80000,0x00000000d5b80000)
  to   space 2048K, 0% used [0x00000000d5800000,0x00000000d5800000,0x00000000d5a00000)
 ParOldGen       total 105472K, used 105425K [0x0000000080000000, 0x0000000086700000, 0x00000000d5580000)
  object space 105472K, 99% used [0x0000000080000000,0x00000000866f46a0,0x0000000086700000)
 Metaspace       used 64784K, committed 66240K, reserved 1114112K
  class space    used 6799K, committed 7424K, reserved 1048576K
}
Event: 923.879 GC heap after
{Heap after GC invocations=158 (full 3):
 PSYoungGen      total 4608K, used 1472K [0x00000000d5580000, 0x00000000d5b80000, 0x0000000100000000)
  eden space 2560K, 0% used [0x00000000d5580000,0x00000000d5580000,0x00000000d5800000)
  from space 2048K, 71% used [0x00000000d5800000,0x00000000d5970000,0x00000000d5a00000)
  to   space 1536K, 0% used [0x00000000d5a00000,0x00000000d5a00000,0x00000000d5b80000)
 ParOldGen       total 107008K, used 106841K [0x0000000080000000, 0x0000000086880000, 0x00000000d5580000)
  object space 107008K, 99% used [0x0000000080000000,0x00000000868566a0,0x0000000086880000)
 Metaspace       used 64784K, committed 66240K, reserved 1114112K
  class space    used 6799K, committed 7424K, reserved 1048576K
}
Event: 923.888 GC heap before
{Heap before GC invocations=159 (full 3):
 PSYoungGen      total 4608K, used 4031K [0x00000000d5580000, 0x00000000d5b80000, 0x0000000100000000)
  eden space 2560K, 99% used [0x00000000d5580000,0x00000000d57ffff0,0x00000000d5800000)
  from space 2048K, 71% used [0x00000000d5800000,0x00000000d5970000,0x00000000d5a00000)
  to   space 1536K, 0% used [0x00000000d5a00000,0x00000000d5a00000,0x00000000d5b80000)
 ParOldGen       total 107008K, used 106841K [0x0000000080000000, 0x0000000086880000, 0x00000000d5580000)
  object space 107008K, 99% used [0x0000000080000000,0x00000000868566a0,0x0000000086880000)
 Metaspace       used 64786K, committed 66240K, reserved 1114112K
  class space    used 6799K, committed 7424K, reserved 1048576K
}
Event: 923.893 GC heap after
{Heap after GC invocations=159 (full 3):
 PSYoungGen      total 2560K, used 1536K [0x00000000d5580000, 0x00000000d5f80000, 0x0000000100000000)
  eden space 1024K, 0% used [0x00000000d5580000,0x00000000d5580000,0x00000000d5680000)
  from space 1536K, 100% used [0x00000000d5a00000,0x00000000d5b80000,0x00000000d5b80000)
  to   space 3584K, 0% used [0x00000000d5680000,0x00000000d5680000,0x00000000d5a00000)
 ParOldGen       total 108544K, used 108177K [0x0000000080000000, 0x0000000086a00000, 0x00000000d5580000)
  object space 108544K, 99% used [0x0000000080000000,0x00000000869a46e0,0x0000000086a00000)
 Metaspace       used 64786K, committed 66240K, reserved 1114112K
  class space    used 6799K, committed 7424K, reserved 1048576K
}
Event: 923.896 GC heap before
{Heap before GC invocations=160 (full 3):
 PSYoungGen      total 2560K, used 2559K [0x00000000d5580000, 0x00000000d5f80000, 0x0000000100000000)
  eden space 1024K, 99% used [0x00000000d5580000,0x00000000d567fff0,0x00000000d5680000)
  from space 1536K, 100% used [0x00000000d5a00000,0x00000000d5b80000,0x00000000d5b80000)
  to   space 3584K, 0% used [0x00000000d5680000,0x00000000d5680000,0x00000000d5a00000)
 ParOldGen       total 108544K, used 108177K [0x0000000080000000, 0x0000000086a00000, 0x00000000d5580000)
  object space 108544K, 99% used [0x0000000080000000,0x00000000869a46e0,0x0000000086a00000)
 Metaspace       used 64787K, committed 66240K, reserved 1114112K
  class space    used 6799K, committed 7424K, reserved 1048576K
}

